Snapshot timestamp: 2024-09-10T16:49:41.927082700Z
NR CSEC Java Agent start timestamp: 2024-09-10T16:44:09.083906900Z with application uuid: 93a783cd-7558-4bb2-ac83-d707b2ca4a27
CSEC HOME: F:\Kafka\NewRelic-Demo\java-app\target\newrelic\nr-security-home, permissions read & write: true
Agent location: F:\Kafka\NewRelic-Demo\java-app\target\newrelic
Using NR CSEC for JAVA, Java version: Java(TM) SE Runtime Environment (Oracle Corporation) (build 17.0.9+11-LTS-201), PID:7624
Process title: Java
Process binary: Not Available
Application location: Not Available
Current working directory: F:\Kafka\NewRelic-Demo\java-app\target\., permissions read & write: true
Agent mode: IAST
Application server: Not Available
Application Framework: Not Available
Websocket connection to Prevent Web: wss://csec.nr-data.net, Status: OK
Instrumentation successful
Started Health Check for Agent
Started Inbound and Outbound HTTP request monitoring 
Policy applied successfully. Policy version is: built-in
Currently enforced policy is : 
{"jsonName":"lc-policy","version":"built-in","lastUpdateTimestamp":0,"policyPull":false,"policyPullInterval":0,"vulnerabilityScan":{"enabled":true,"iastScan":{"enabled":true,"probing":{"interval":5,"batchSize":50}},"enableHooks":false},"protectionMode":{"enabled":false,"ipBlocking":{"enabled":false,"attackerIpBlocking":false,"ipDetectViaXFF":false},"apiBlocking":{"enabled":false,"protectAllApis":false,"protectKnownVulnerableApis":false,"protectAttackedApis":false}},"sendCompleteStackTrace":false,"enableHTTPRequestPrinting":false}

Process stats: 
processRssMB: 209.35
systemCpuLoad: -1.0
systemFreeMemoryMB: 541.2
systemTotalMemoryMB: 7988.99
processHeapUsageMB: 127.3
processCpuUsage: 4.34
processFreeMemoryMB: 149.46
processDirDiskFreeSpaceMB: 293471.32
rootDiskFreeSpaceMB: 123509.82
processMaxHeapMB: 1998.0
nCores: 4

Service stats: 
agentActiveStat: OK
websocket: OK
logWriter: OK
iastRestClient: OK
initLogWriter: OK
statusLogWriter: OK

Last 5 errors:
{"jsonName":"critical-messages","applicationUUID":"93a783cd-7558-4bb2-ac83-d707b2ca4a27","timestamp":1725986877357,"level":"WARNING","message":"Call failed : request 66e077fc96c2e14fbb1d6fbc reason : Response{protocol=http/1.1, code=404, message=Not Found, url=http://localhost:4567/favicon.ico} : body : <html><body><h2>404 Not found</h2></body></html>","caller":"com.newrelic.agent.security.instrumentator.httpclient.RestRequestProcessor","exception":null,"linkingMetadata":{"trace.id":"","hostname":"DESKTOP-GARLJAI","entity.type":"SERVICE","entity.guid":"NDYzNzAwN3xBUE18QVBQTElDQVRJT058MTUwMjQ5NDU2OA","entity.name":"Java TEST - IAST Enabled","span.id":"","agentRunId":"BXayIQ-oczHBAEbBT1mOOztm4HfIAAIBAAAnIQEAAB3IAgRZjj9oAwAGOC4xNC4wAA9ERVNLVE9QLUdBUkxKQUkAGEphdmEgVEVTVCAtIElBU1QgRW5hYmxlZA"},"threadName":"NewRelic-IAST-RequestRepeater2","appAccountId":"4637007","appEntityGuid":"NDYzNzAwN3xBUE18QVBQTElDQVRJT058MTUwMjQ5NDU2OA"}
{"jsonName":"critical-messages","applicationUUID":"93a783cd-7558-4bb2-ac83-d707b2ca4a27","timestamp":1725986877358,"level":"WARNING","message":"Call failed : request 66e077fc96c2e14fbb1d6fba reason : Response{protocol=http/1.1, code=404, message=Not Found, url=http://localhost:4567/favicon.ico} : body : <html><body><h2>404 Not found</h2></body></html>","caller":"com.newrelic.agent.security.instrumentator.httpclient.RestRequestProcessor","exception":null,"linkingMetadata":{"trace.id":"","hostname":"DESKTOP-GARLJAI","entity.type":"SERVICE","entity.guid":"NDYzNzAwN3xBUE18QVBQTElDQVRJT058MTUwMjQ5NDU2OA","entity.name":"Java TEST - IAST Enabled","span.id":"","agentRunId":"BXayIQ-oczHBAEbBT1mOOztm4HfIAAIBAAAnIQEAAB3IAgRZjj9oAwAGOC4xNC4wAA9ERVNLVE9QLUdBUkxKQUkAGEphdmEgVEVTVCAtIElBU1QgRW5hYmxlZA"},"threadName":"NewRelic-IAST-RequestRepeater3","appAccountId":"4637007","appEntityGuid":"NDYzNzAwN3xBUE18QVBQTElDQVRJT058MTUwMjQ5NDU2OA"}
{"jsonName":"critical-messages","applicationUUID":"93a783cd-7558-4bb2-ac83-d707b2ca4a27","timestamp":1725986877360,"level":"WARNING","message":"Call failed : request 66e077fc96c2e14fbb1d6fbb reason : Response{protocol=http/1.1, code=404, message=Not Found, url=http://localhost:4567/favicon.ico} : body : <html><body><h2>404 Not found</h2></body></html>","caller":"com.newrelic.agent.security.instrumentator.httpclient.RestRequestProcessor","exception":null,"linkingMetadata":{"trace.id":"","hostname":"DESKTOP-GARLJAI","entity.type":"SERVICE","entity.guid":"NDYzNzAwN3xBUE18QVBQTElDQVRJT058MTUwMjQ5NDU2OA","entity.name":"Java TEST - IAST Enabled","span.id":"","agentRunId":"BXayIQ-oczHBAEbBT1mOOztm4HfIAAIBAAAnIQEAAB3IAgRZjj9oAwAGOC4xNC4wAA9ERVNLVE9QLUdBUkxKQUkAGEphdmEgVEVTVCAtIElBU1QgRW5hYmxlZA"},"threadName":"NewRelic-IAST-RequestRepeater1","appAccountId":"4637007","appEntityGuid":"NDYzNzAwN3xBUE18QVBQTElDQVRJT058MTUwMjQ5NDU2OA"}
{"jsonName":"critical-messages","applicationUUID":"93a783cd-7558-4bb2-ac83-d707b2ca4a27","timestamp":1725986877363,"level":"WARNING","message":"Call failed : request 66e077fc96c2e14fbb1d6fbd reason : Response{protocol=http/1.1, code=404, message=Not Found, url=http://localhost:4567/favicon.ico} : body : <html><body><h2>404 Not found</h2></body></html>","caller":"com.newrelic.agent.security.instrumentator.httpclient.RestRequestProcessor","exception":null,"linkingMetadata":{"trace.id":"","hostname":"DESKTOP-GARLJAI","entity.type":"SERVICE","entity.guid":"NDYzNzAwN3xBUE18QVBQTElDQVRJT058MTUwMjQ5NDU2OA","entity.name":"Java TEST - IAST Enabled","span.id":"","agentRunId":"BXayIQ-oczHBAEbBT1mOOztm4HfIAAIBAAAnIQEAAB3IAgRZjj9oAwAGOC4xNC4wAA9ERVNLVE9QLUdBUkxKQUkAGEphdmEgVEVTVCAtIElBU1QgRW5hYmxlZA"},"threadName":"NewRelic-IAST-RequestRepeater2","appAccountId":"4637007","appEntityGuid":"NDYzNzAwN3xBUE18QVBQTElDQVRJT058MTUwMjQ5NDU2OA"}
{"jsonName":"critical-messages","applicationUUID":"93a783cd-7558-4bb2-ac83-d707b2ca4a27","timestamp":1725986877363,"level":"WARNING","message":"Call failed : request 66e077fc96c2e14fbb1d6fbe reason : Response{protocol=http/1.1, code=404, message=Not Found, url=http://localhost:4567/favicon.ico} : body : <html><body><h2>404 Not found</h2></body></html>","caller":"com.newrelic.agent.security.instrumentator.httpclient.RestRequestProcessor","exception":null,"linkingMetadata":{"trace.id":"","hostname":"DESKTOP-GARLJAI","entity.type":"SERVICE","entity.guid":"NDYzNzAwN3xBUE18QVBQTElDQVRJT058MTUwMjQ5NDU2OA","entity.name":"Java TEST - IAST Enabled","span.id":"","agentRunId":"BXayIQ-oczHBAEbBT1mOOztm4HfIAAIBAAAnIQEAAB3IAgRZjj9oAwAGOC4xNC4wAA9ERVNLVE9QLUdBUkxKQUkAGEphdmEgVEVTVCAtIElBU1QgRW5hYmxlZA"},"threadName":"NewRelic-IAST-RequestRepeater3","appAccountId":"4637007","appEntityGuid":"NDYzNzAwN3xBUE18QVBQTElDQVRJT058MTUwMjQ5NDU2OA"}

Last 5 Heath Checks:
{"buildNumber":"10385535059-19","jsonName":"LAhealthcheck","jsonVersion":"1.2.5","collectorType":"JAVA","language":"Java","framework":"","groupName":"IAST","nodeId":"","eventType":"sec_health_check_lc","linkingMetadata":{},"appAccountId":"4637007","appEntityGuid":"","applicationUUID":"93a783cd-7558-4bb2-ac83-d707b2ca4a27","invokedHookCount":0,"kind":"HOST","eventStats":{"eventSender":{"submitted":0,"completed":0,"rejected":0,"error":0},"iastEvents":{"submitted":0,"completed":0,"rejected":0,"error":0},"dispatcher":{"submitted":0,"completed":0,"rejected":0,"error":0},"droppedDueTo":{"unsupportedContentType":0,"nrInternalEvent":0,"csecInternalEvent":0,"executorUnavailable":0,"raspProcessingDeactivated":0,"rxssDetectionDeactivated":0},"lowSeverityEvents":{"submitted":0,"completed":0,"rejected":0,"error":0},"exitEvents":{"submitted":0,"completed":0,"rejected":0,"error":0}},"threadPoolStats":{"dispatcher":{"activeThreadCount":0,"currentQueueSize":0},"eventSender":{"activeThreadCount":0,"currentQueueSize":0},"fileLogger":{"activeThreadCount":0,"currentQueueSize":0},"iastHttpRequestProcessor":{"activeThreadCount":0,"currentQueueSize":0},"controlCommandProcessor":{"activeThreadCount":0,"currentQueueSize":0}},"stats":{"processRssMB":266.86,"systemCpuLoad":-1.0,"systemFreeMemoryMB":843.06,"systemTotalMemoryMB":7988.99,"processHeapUsageMB":211.7,"processCpuUsage":22.76,"processFreeMemoryMB":134.8,"processDirDiskFreeSpaceMB":293471.37,"rootDiskFreeSpaceMB":123527.49,"processMaxHeapMB":1998.0,"nCores":4},"serviceStatus":{"agentActiveStat":"OK","websocket":"OK","logWriter":"OK","iastRestClient":"OK","initLogWriter":"OK","statusLogWriter":"OK"},"iastReplayRequest":{"receivedControlCommands":0,"processedControlCommands":0,"pendingControlCommands":0,"replayRequestGenerated":0,"replayRequestExecuted":0,"replayRequestSucceeded":0,"replayRequestFailed":0,"replayRequestRejected":1},"webSocketConnectionStats":{"messagesSent":11,"messagesReceived":5,"connectionReconnected":1,"connectionFailure":0,"receivedReconnectAtWill":0,"sendFailure":0},"schedulerRuns":{"iastFileCleaner":0,"lowPriorityFilterCleaner":0,"dailyLogRollover":0,"websocketReconnector":4},"policyVersion":"built-in","policyOverridden":false,"collectorVersion":"1.4.1"}
{"buildNumber":"10385535059-19","jsonName":"LAhealthcheck","jsonVersion":"1.2.5","collectorType":"JAVA","language":"Java","framework":"","groupName":"IAST","nodeId":"","eventType":"sec_health_check_lc","linkingMetadata":{},"appAccountId":"4637007","appEntityGuid":"","applicationUUID":"93a783cd-7558-4bb2-ac83-d707b2ca4a27","invokedHookCount":3358,"kind":"HOST","eventStats":{"eventSender":{"submitted":3320,"completed":3320,"rejected":0,"error":0},"iastEvents":{"submitted":3316,"completed":3316,"rejected":0,"error":0},"dispatcher":{"submitted":3320,"completed":3320,"rejected":0,"error":0},"droppedDueTo":{"unsupportedContentType":0,"nrInternalEvent":32,"csecInternalEvent":0,"executorUnavailable":0,"raspProcessingDeactivated":0,"rxssDetectionDeactivated":0},"lowSeverityEvents":{"submitted":0,"completed":0,"rejected":0,"error":0},"exitEvents":{"submitted":0,"completed":0,"rejected":0,"error":0}},"threadPoolStats":{"dispatcher":{"activeThreadCount":0,"currentQueueSize":0},"eventSender":{"activeThreadCount":0,"currentQueueSize":0},"fileLogger":{"activeThreadCount":0,"currentQueueSize":0},"iastHttpRequestProcessor":{"activeThreadCount":0,"currentQueueSize":0},"controlCommandProcessor":{"activeThreadCount":0,"currentQueueSize":0}},"stats":{"processRssMB":209.35,"systemCpuLoad":-1.0,"systemFreeMemoryMB":541.2,"systemTotalMemoryMB":7988.99,"processHeapUsageMB":127.3,"processCpuUsage":4.34,"processFreeMemoryMB":149.46,"processDirDiskFreeSpaceMB":293471.32,"rootDiskFreeSpaceMB":123509.82,"processMaxHeapMB":1998.0,"nCores":4},"serviceStatus":{"agentActiveStat":"OK","websocket":"OK","logWriter":"OK","iastRestClient":"OK","initLogWriter":"OK","statusLogWriter":"OK"},"iastReplayRequest":{"receivedControlCommands":1830,"processedControlCommands":0,"pendingControlCommands":0,"replayRequestGenerated":0,"replayRequestExecuted":0,"replayRequestSucceeded":0,"replayRequestFailed":0,"replayRequestRejected":0},"webSocketConnectionStats":{"messagesSent":4268,"messagesReceived":1861,"connectionReconnected":1,"connectionFailure":0,"receivedReconnectAtWill":1,"sendFailure":0},"schedulerRuns":{"iastFileCleaner":2,"lowPriorityFilterCleaner":0,"dailyLogRollover":0,"websocketReconnector":27},"policyVersion":"built-in","policyOverridden":false,"collectorVersion":"1.4.1"}